<?xml version="1.0" encoding="UTF-8"?>
<testng-results skipped="0" failed="1" ignored="0" total="2" passed="1">
  <reporter-output>
    <line>
      <![CDATA[2019-04-04 10:52:28.475: User Name TextBox found]]>
    </line>
    <line>
      <![CDATA[2019-04-04 10:52:34.579: Password TextBox found]]>
    </line>
    <line>
      <![CDATA[2019-04-04 10:52:37.579: Password Encrypted]]>
    </line>
    <line>
      <![CDATA[2019-04-04 10:52:45.449: Login Successful]]>
    </line>
    <line>
      <![CDATA[2019-04-04 10:52:57.531: Application chevron button clicked]]>
    </line>
    <line>
      <![CDATA[2019-04-04 10:53:00.626: ServiceModelingUtility link clicked]]>
    </line>
    <line>
      <![CDATA[2019-04-04 10:53:03.018: User has a permission on the fly-out menu for SMU]]>
    </line>
    <line>
      <![CDATA[2019-04-04 10:53:03.018: Navigate to SMU page]]>
    </line>
    <line>
      <![CDATA[2019-04-04 10:53:18.078: Company is Enabled]]>
    </line>
    <line>
      <![CDATA[2019-04-04 10:53:18.245: The company name is entered by the user]]>
    </line>
    <line>
      <![CDATA[2019-04-04 10:53:25.682: Section 1 is expanded by the User]]>
    </line>
    <line>
      <![CDATA[2019-04-04 10:53:31.713: Section 2 is already expanded]]>
    </line>
    <line>
      <![CDATA[2019-04-04 10:53:31.841: Section 3 is expanded by the User]]>
    </line>
    <line>
      <![CDATA[2019-04-04 10:53:38.017: Section 4 is expanded by the User]]>
    </line>
    <line>
      <![CDATA[2019-04-04 10:53:44.158: Section 5 is expanded by the User]]>
    </line>
    <line>
      <![CDATA[2019-04-04 10:53:50.308: Section 6 is expanded by the User]]>
    </line>
    <line>
      <![CDATA[2019-04-04 10:54:02.591: User has been logged out of the application]]>
    </line>
  </reporter-output>
  <suite name="Default suite" duration-ms="59475197" started-at="2019-04-03T12:52:58Z" finished-at="2019-04-04T05:24:13Z">
    <groups>
      <group name="cucumber">
        <method signature="AbstractTestNGCucumberTests.feature(cucumber.api.testng.CucumberFeatureWrapper)[pri:0, instance:com.Generic.testing.RunTest@43195e57]" name="feature" class="cucumber.api.testng.AbstractTestNGCucumberTests"/>
      </group> <!-- cucumber -->
    </groups>
    <test name="Default test" duration-ms="59475197" started-at="2019-04-03T12:52:58Z" finished-at="2019-04-04T05:24:13Z">
      <class name="com.Generic.testing.RunTest">
        <test-method status="PASS" signature="setUpClass()[pri:0, instance:com.Generic.testing.RunTest@43195e57]" name="setUpClass" is-config="true" duration-ms="525" started-at="2019-04-03T12:52:58Z" finished-at="2019-04-03T12:52:58Z">
          <reporter-output>
          </reporter-output>
        </test-method> <!-- setUpClass -->
        <test-method status="PASS" signature="environmentsetup()[pri:0, instance:com.Generic.testing.RunTest@43195e57]" name="environmentsetup" is-config="true" duration-ms="59355576" started-at="2019-04-03T12:52:58Z" finished-at="2019-04-04T05:22:14Z">
          <reporter-output>
          </reporter-output>
        </test-method> <!-- environmentsetup -->
        <test-method status="FAIL" signature="feature(cucumber.api.testng.CucumberFeatureWrapper)[pri:0, instance:com.Generic.testing.RunTest@43195e57]" name="feature" duration-ms="118351" started-at="2019-04-04T05:22:14Z" description="Runs Cucumber Feature" data-provider="features" finished-at="2019-04-04T05:24:13Z">
          <params>
            <param index="0">
              <value>
                <![CDATA[Sanity End to End scenarios]]>
              </value>
            </param>
          </params>
          <exception class="cucumber.runtime.CucumberException">
            <message>
              <![CDATA[org.openqa.selenium.WebDriverException: unknown error: failed to change window state to normal, current state is maximized
  (Session info: chrome=71.0.3578.98)
  (Driver info: chromedriver=2.37.544315 (730aa6a5fdba159ac9f4c1e8cbc59bf1b5ce12b7),platform=Windows NT 10.0.16299 x86_64) (WARNING: The server did not provide any stacktrace information)
Command duration or timeout: 163 milliseconds
Build info: version: '2.53.0', revision: '35ae25b1534ae328c771e0856c93e187490ca824', time: '2016-03-15 10:43:46'
System info: host: 'SGH319S46R', ip: '10.140.18.204', os.name: 'Windows 10', os.arch: 'amd64', os.version: '10.0', java.version: '1.8.0_191'
Driver info: org.openqa.selenium.chrome.ChromeDriver
Capabilities [{applicationCacheEnabled=false, rotatable=false, mobileEmulationEnabled=false, networkConnectionEnabled=false, chrome={chromedriverVersion=2.37.544315 (730aa6a5fdba159ac9f4c1e8cbc59bf1b5ce12b7), userDataDir=C:\Windows\Temp\scoped_dir18284_2714}, takesHeapSnapshot=true, pageLoadStrategy=normal, databaseEnabled=false, handlesAlerts=true, hasTouchScreen=false, version=71.0.3578.98, platform=XP, browserConnectionEnabled=false, nativeEvents=true, acceptSslCerts=false, acceptInsecureCerts=false, locationContextEnabled=true, webStorageEnabled=true, browserName=chrome, takesScreenshot=true, javascriptEnabled=true, cssSelectorsEnabled=true, setWindowRect=true, unexpectedAlertBehaviour=}]
Session ID: 57a38fab8441c9f9012611b46980b9f4]]>
            </message>
            <full-stacktrace>
              <![CDATA[cucumber.runtime.CucumberException: org.openqa.selenium.WebDriverException: unknown error: failed to change window state to normal, current state is maximized
  (Session info: chrome=71.0.3578.98)
  (Driver info: chromedriver=2.37.544315 (730aa6a5fdba159ac9f4c1e8cbc59bf1b5ce12b7),platform=Windows NT 10.0.16299 x86_64) (WARNING: The server did not provide any stacktrace information)
Command duration or timeout: 163 milliseconds
Build info: version: '2.53.0', revision: '35ae25b1534ae328c771e0856c93e187490ca824', time: '2016-03-15 10:43:46'
System info: host: 'SGH319S46R', ip: '10.140.18.204', os.name: 'Windows 10', os.arch: 'amd64', os.version: '10.0', java.version: '1.8.0_191'
Driver info: org.openqa.selenium.chrome.ChromeDriver
Capabilities [{applicationCacheEnabled=false, rotatable=false, mobileEmulationEnabled=false, networkConnectionEnabled=false, chrome={chromedriverVersion=2.37.544315 (730aa6a5fdba159ac9f4c1e8cbc59bf1b5ce12b7), userDataDir=C:\Windows\Temp\scoped_dir18284_2714}, takesHeapSnapshot=true, pageLoadStrategy=normal, databaseEnabled=false, handlesAlerts=true, hasTouchScreen=false, version=71.0.3578.98, platform=XP, browserConnectionEnabled=false, nativeEvents=true, acceptSslCerts=false, acceptInsecureCerts=false, locationContextEnabled=true, webStorageEnabled=true, browserName=chrome, takesScreenshot=true, javascriptEnabled=true, cssSelectorsEnabled=true, setWindowRect=true, unexpectedAlertBehaviour=}]
Session ID: 57a38fab8441c9f9012611b46980b9f4
at cucumber.api.testng.TestNGCucumberRunner.runCucumber(TestNGCucumberRunner.java:69)
at cucumber.api.testng.AbstractTestNGCucumberTests.feature(AbstractTestNGCucumberTests.java:21)
at sun.reflect.NativeMethodAccessorImpl.invoke0(Native Method)
at sun.reflect.NativeMethodAccessorImpl.invoke(NativeMethodAccessorImpl.java:62)
at sun.reflect.DelegatingMethodAccessorImpl.invoke(DelegatingMethodAccessorImpl.java:43)
at java.lang.reflect.Method.invoke(Method.java:498)
at org.testng.internal.MethodInvocationHelper.invokeMethod(MethodInvocationHelper.java:124)
at org.testng.internal.Invoker.invokeMethod(Invoker.java:583)
at org.testng.internal.Invoker.invokeTestMethod(Invoker.java:719)
at org.testng.internal.Invoker.invokeTestMethods(Invoker.java:989)
at org.testng.internal.TestMethodWorker.invokeTestMethods(TestMethodWorker.java:125)
at org.testng.internal.TestMethodWorker.run(TestMethodWorker.java:109)
at org.testng.TestRunner.privateRun(TestRunner.java:648)
at org.testng.TestRunner.run(TestRunner.java:505)
at org.testng.SuiteRunner.runTest(SuiteRunner.java:455)
at org.testng.SuiteRunner.runSequentially(SuiteRunner.java:450)
at org.testng.SuiteRunner.privateRun(SuiteRunner.java:415)
at org.testng.SuiteRunner.run(SuiteRunner.java:364)
at org.testng.SuiteRunnerWorker.runSuite(SuiteRunnerWorker.java:52)
at org.testng.SuiteRunnerWorker.run(SuiteRunnerWorker.java:84)
at org.testng.TestNG.runSuitesSequentially(TestNG.java:1208)
at org.testng.TestNG.runSuitesLocally(TestNG.java:1137)
at org.testng.TestNG.runSuites(TestNG.java:1049)
at org.testng.TestNG.run(TestNG.java:1017)
at org.testng.remote.AbstractRemoteTestNG.run(AbstractRemoteTestNG.java:115)
at org.testng.remote.RemoteTestNG.initAndRun(RemoteTestNG.java:251)
at org.testng.remote.RemoteTestNG.main(RemoteTestNG.java:77)
Caused by: org.openqa.selenium.WebDriverException: unknown error: failed to change window state to normal, current state is maximized
  (Session info: chrome=71.0.3578.98)
  (Driver info: chromedriver=2.37.544315 (730aa6a5fdba159ac9f4c1e8cbc59bf1b5ce12b7),platform=Windows NT 10.0.16299 x86_64) (WARNING: The server did not provide any stacktrace information)
Command duration or timeout: 163 milliseconds
Build info: version: '2.53.0', revision: '35ae25b1534ae328c771e0856c93e187490ca824', time: '2016-03-15 10:43:46'
System info: host: 'SGH319S46R', ip: '10.140.18.204', os.name: 'Windows 10', os.arch: 'amd64', os.version: '10.0', java.version: '1.8.0_191'
Driver info: org.openqa.selenium.chrome.ChromeDriver
Capabilities [{applicationCacheEnabled=false, rotatable=false, mobileEmulationEnabled=false, networkConnectionEnabled=false, chrome={chromedriverVersion=2.37.544315 (730aa6a5fdba159ac9f4c1e8cbc59bf1b5ce12b7), userDataDir=C:\Windows\Temp\scoped_dir18284_2714}, takesHeapSnapshot=true, pageLoadStrategy=normal, databaseEnabled=false, handlesAlerts=true, hasTouchScreen=false, version=71.0.3578.98, platform=XP, browserConnectionEnabled=false, nativeEvents=true, acceptSslCerts=false, acceptInsecureCerts=false, locationContextEnabled=true, webStorageEnabled=true, browserName=chrome, takesScreenshot=true, javascriptEnabled=true, cssSelectorsEnabled=true, setWindowRect=true, unexpectedAlertBehaviour=}]
Session ID: 57a38fab8441c9f9012611b46980b9f4
at sun.reflect.NativeConstructorAccessorImpl.newInstance0(Native Method)
at sun.reflect.NativeConstructorAccessorImpl.newInstance(NativeConstructorAccessorImpl.java:62)
at sun.reflect.DelegatingConstructorAccessorImpl.newInstance(DelegatingConstructorAccessorImpl.java:45)
at java.lang.reflect.Constructor.newInstance(Constructor.java:423)
at org.openqa.selenium.remote.ErrorHandler.createThrowable(ErrorHandler.java:206)
at org.openqa.selenium.remote.ErrorHandler.throwIfResponseFailed(ErrorHandler.java:158)
at org.openqa.selenium.remote.RemoteWebDriver.execute(RemoteWebDriver.java:678)
at org.openqa.selenium.remote.RemoteWebDriver$RemoteWebDriverOptions$RemoteWindow.maximize(RemoteWebDriver.java:945)
at com.Generic.stepdefinition.StepDefinition.open_browser_and_start_application(StepDefinition.java:204)
at âœ½.Given open browser and start application(Sanity.feature:58)
]]>
            </full-stacktrace>
          </exception> <!-- cucumber.runtime.CucumberException -->
          <reporter-output>
            <line>
              <![CDATA[2019-04-04 10:52:28.475: User Name TextBox found]]>
            </line>
            <line>
              <![CDATA[2019-04-04 10:52:34.579: Password TextBox found]]>
            </line>
            <line>
              <![CDATA[2019-04-04 10:52:37.579: Password Encrypted]]>
            </line>
            <line>
              <![CDATA[2019-04-04 10:52:45.449: Login Successful]]>
            </line>
            <line>
              <![CDATA[2019-04-04 10:52:57.531: Application chevron button clicked]]>
            </line>
            <line>
              <![CDATA[2019-04-04 10:53:00.626: ServiceModelingUtility link clicked]]>
            </line>
            <line>
              <![CDATA[2019-04-04 10:53:03.018: User has a permission on the fly-out menu for SMU]]>
            </line>
            <line>
              <![CDATA[2019-04-04 10:53:03.018: Navigate to SMU page]]>
            </line>
            <line>
              <![CDATA[2019-04-04 10:53:18.078: Company is Enabled]]>
            </line>
            <line>
              <![CDATA[2019-04-04 10:53:18.245: The company name is entered by the user]]>
            </line>
            <line>
              <![CDATA[2019-04-04 10:53:25.682: Section 1 is expanded by the User]]>
            </line>
            <line>
              <![CDATA[2019-04-04 10:53:31.713: Section 2 is already expanded]]>
            </line>
            <line>
              <![CDATA[2019-04-04 10:53:31.841: Section 3 is expanded by the User]]>
            </line>
            <line>
              <![CDATA[2019-04-04 10:53:38.017: Section 4 is expanded by the User]]>
            </line>
            <line>
              <![CDATA[2019-04-04 10:53:44.158: Section 5 is expanded by the User]]>
            </line>
            <line>
              <![CDATA[2019-04-04 10:53:50.308: Section 6 is expanded by the User]]>
            </line>
            <line>
              <![CDATA[2019-04-04 10:54:02.591: User has been logged out of the application]]>
            </line>
          </reporter-output>
        </test-method> <!-- feature -->
        <test-method status="PASS" signature="runCukes()[pri:1, instance:com.Generic.testing.RunTest@43195e57]" name="runCukes" duration-ms="10" started-at="2019-04-04T05:24:13Z" finished-at="2019-04-04T05:24:13Z">
          <reporter-output>
          </reporter-output>
        </test-method> <!-- runCukes -->
        <test-method status="PASS" signature="logReport()[pri:0, instance:com.Generic.testing.RunTest@43195e57]" name="logReport" is-config="true" duration-ms="6" started-at="2019-04-04T05:24:13Z" finished-at="2019-04-04T05:24:13Z">
          <reporter-output>
          </reporter-output>
        </test-method> <!-- logReport -->
        <test-method status="PASS" signature="tearDownClass()[pri:0, instance:com.Generic.testing.RunTest@43195e57]" name="tearDownClass" is-config="true" duration-ms="79" started-at="2019-04-04T05:24:13Z" finished-at="2019-04-04T05:24:13Z">
          <reporter-output>
          </reporter-output>
        </test-method> <!-- tearDownClass -->
      </class> <!-- com.Generic.testing.RunTest -->
    </test> <!-- Default test -->
  </suite> <!-- Default suite -->
</testng-results>
